Command line:
   normalized_isim_beh.exe
     -simmode  gui
     -simrunnum  0
     -socket  56499

Fri Apr 22 17:55:47 2016


 Elaboration Time: 0.0468 sec

 Current Memory Usage: 506.081 Meg

 Total Signals          : 20
 Total Nets             : 84
 Total Signal Drivers   : 8
 Total Blocks           : 2
 Total Primitive Blocks : 2
 Total Processes        : 10
 Total Traceable Variables  : 22
 Total Scalar Nets and Variables : 222
Total Line Count : 26

 Total Simulation Time: 0.0624 sec

 Current Memory Usage: 506.081 Meg

Fri Apr 22 17:55:51 2016

