Command line:
   cmpshift_isim_beh.exe
     -simmode  gui
     -simrunnum  0
     -socket  54993

Fri Apr 22 16:47:40 2016


 Elaboration Time: 0.0468 sec

 Current Memory Usage: 506.081 Meg

 Total Signals          : 20
 Total Nets             : 147
 Total Signal Drivers   : 12
 Total Blocks           : 2
 Total Primitive Blocks : 2
 Total Processes        : 14
 Total Traceable Variables  : 26
 Total Scalar Nets and Variables : 302
Total Line Count : 46

 Total Simulation Time: 0.0624 sec

 Current Memory Usage: 506.081 Meg

Fri Apr 22 16:47:46 2016

